[debug] [2024-10-06T17:30:52.495Z] ----------------------------------------------------------------------
[debug] [2024-10-06T17:30:52.498Z] Command:       C:\Program Files\nodejs\node.exe C:\Program Files\nodejs\node_modules\firebase-tools\lib\bin\firebase.js init
[debug] [2024-10-06T17:30:52.498Z] CLI Version:   13.20.2
[debug] [2024-10-06T17:30:52.499Z] Platform:      win32
[debug] [2024-10-06T17:30:52.499Z] Node Version:  v20.12.2
[debug] [2024-10-06T17:30:52.499Z] Time:          Sun Oct 06 2024 23:00:52 GMT+0530 (India Standard Time)
[debug] [2024-10-06T17:30:52.499Z] ----------------------------------------------------------------------
[debug] 
[debug] [2024-10-06T17:30:52.506Z] > command requires scopes: ["email","openid","https://www.googleapis.com/auth/cloudplatformprojects.readonly","https://www.googleapis.com/auth/firebase","https://www.googleapis.com/auth/cloud-platform"]
[debug] [2024-10-06T17:30:52.506Z] > authorizing via signed-in user (tekwani.sahil@gmail.com)
[info] 
     ######## #### ########  ######## ########     ###     ######  ########
     ##        ##  ##     ## ##       ##     ##  ##   ##  ##       ##
     ######    ##  ########  ######   ########  #########  ######  ######
     ##        ##  ##    ##  ##       ##     ## ##     ##       ## ##
     ##       #### ##     ## ######## ########  ##     ##  ######  ########

You're about to initialize a Firebase project in this directory:

  D:\projects\reactJS\sport-app

[info] 
=== Project Setup
[info] 
[info] First, let's associate this project directory with a Firebase project.
[info] You can create multiple project aliases by running firebase use --add, 
[info] but for now we'll just set up a default project.
[info] 
[info] i  If you want to create a project in a Google Cloud organization or folder, please use "firebase projects:create" instead, and return to this command when you've created the project. 
[debug] [2024-10-06T17:34:40.211Z] Checked if tokens are valid: false, expires at: 1715114693900
[debug] [2024-10-06T17:34:40.211Z] Checked if tokens are valid: false, expires at: 1715114693900
[debug] [2024-10-06T17:34:40.211Z] > refreshing access token with scopes: []
[debug] [2024-10-06T17:34:40.213Z] >>> [apiv2][query] POST https://www.googleapis.com/oauth2/v3/token [none]
[debug] [2024-10-06T17:34:40.213Z] >>> [apiv2][body] POST https://www.googleapis.com/oauth2/v3/token [omitted]
[debug] [2024-10-06T17:34:40.457Z] <<< [apiv2][status] POST https://www.googleapis.com/oauth2/v3/token 200
[debug] [2024-10-06T17:34:40.457Z] <<< [apiv2][body] POST https://www.googleapis.com/oauth2/v3/token [omitted]
[debug] [2024-10-06T17:34:40.474Z] >>> [apiv2][query] POST https://cloudresourcemanager.googleapis.com/v1/projects [none]
[debug] [2024-10-06T17:34:40.474Z] >>> [apiv2][body] POST https://cloudresourcemanager.googleapis.com/v1/projects {"projectId":"futyAssignment","name":"futy"}
[debug] [2024-10-06T17:34:42.042Z] <<< [apiv2][status] POST https://cloudresourcemanager.googleapis.com/v1/projects 400
[debug] [2024-10-06T17:34:42.042Z] <<< [apiv2][body] POST https://cloudresourcemanager.googleapis.com/v1/projects {"error":{"code":400,"message":"field [project_id] has issue [project_id contains invalid characters]","status":"INVALID_ARGUMENT","details":[{"@type":"type.googleapis.com/google.rpc.BadRequest","fieldViolations":[{"field":"project_id","description":"project_id contains invalid characters"}]},{"@type":"type.googleapis.com/google.rpc.Help","links":[{"url":"https://cloud.google.com/resource-manager/reference/rest/v1/projects"}]}]}}
[debug] [2024-10-06T17:34:42.198Z] FirebaseError: HTTP Error: 400, field [project_id] has issue [project_id contains invalid characters]
    at responseToError (C:\Users\ADMIN\AppData\Roaming\nvm\v20.12.2\node_modules\firebase-tools\lib\responseToError.js:49:12)
    at RetryOperation._fn (C:\Users\ADMIN\AppData\Roaming\nvm\v20.12.2\node_modules\firebase-tools\lib\apiv2.js:312:77)
    at process.processTicksAndRejections (node:internal/process/task_queues:95:5)
[error] 
[error] Error: Failed to create project. See firebase-debug.log for more info.
[debug] [2024-10-06T17:35:10.649Z] ----------------------------------------------------------------------
[debug] [2024-10-06T17:35:10.653Z] Command:       C:\Program Files\nodejs\node.exe C:\Program Files\nodejs\node_modules\firebase-tools\lib\bin\firebase.js init
[debug] [2024-10-06T17:35:10.653Z] CLI Version:   13.20.2
[debug] [2024-10-06T17:35:10.653Z] Platform:      win32
[debug] [2024-10-06T17:35:10.653Z] Node Version:  v20.12.2
[debug] [2024-10-06T17:35:10.653Z] Time:          Sun Oct 06 2024 23:05:10 GMT+0530 (India Standard Time)
[debug] [2024-10-06T17:35:10.653Z] ----------------------------------------------------------------------
[debug] 
[debug] [2024-10-06T17:35:10.661Z] > command requires scopes: ["email","openid","https://www.googleapis.com/auth/cloudplatformprojects.readonly","https://www.googleapis.com/auth/firebase","https://www.googleapis.com/auth/cloud-platform"]
[debug] [2024-10-06T17:35:10.662Z] > authorizing via signed-in user (tekwani.sahil@gmail.com)
[info] 
     ######## #### ########  ######## ########     ###     ######  ########
     ##        ##  ##     ## ##       ##     ##  ##   ##  ##       ##
     ######    ##  ########  ######   ########  #########  ######  ######
     ##        ##  ##    ##  ##       ##     ## ##     ##       ## ##
     ##       #### ##     ## ######## ########  ##     ##  ######  ########

You're about to initialize a Firebase project in this directory:

  D:\projects\reactJS\sport-app

[info] 
=== Project Setup
[info] 
[info] First, let's associate this project directory with a Firebase project.
[info] You can create multiple project aliases by running firebase use --add, 
[info] but for now we'll just set up a default project.
[info] 
[info] i  If you want to create a project in a Google Cloud organization or folder, please use "firebase projects:create" instead, and return to this command when you've created the project. 
[debug] [2024-10-06T17:36:20.213Z] Checked if tokens are valid: true, expires at: 1728239679457
[debug] [2024-10-06T17:36:20.214Z] Checked if tokens are valid: true, expires at: 1728239679457
[debug] [2024-10-06T17:36:20.215Z] >>> [apiv2][query] POST https://cloudresourcemanager.googleapis.com/v1/projects [none]
[debug] [2024-10-06T17:36:20.215Z] >>> [apiv2][body] POST https://cloudresourcemanager.googleapis.com/v1/projects {"projectId":"assignmentFuty","name":"futy"}
[debug] [2024-10-06T17:36:21.762Z] <<< [apiv2][status] POST https://cloudresourcemanager.googleapis.com/v1/projects 400
[debug] [2024-10-06T17:36:21.763Z] <<< [apiv2][body] POST https://cloudresourcemanager.googleapis.com/v1/projects {"error":{"code":400,"message":"field [project_id] has issue [project_id contains invalid characters]","status":"INVALID_ARGUMENT","details":[{"@type":"type.googleapis.com/google.rpc.BadRequest","fieldViolations":[{"field":"project_id","description":"project_id contains invalid characters"}]},{"@type":"type.googleapis.com/google.rpc.Help","links":[{"url":"https://cloud.google.com/resource-manager/reference/rest/v1/projects"}]}]}}
[debug] [2024-10-06T17:36:21.918Z] FirebaseError: HTTP Error: 400, field [project_id] has issue [project_id contains invalid characters]
    at responseToError (C:\Users\ADMIN\AppData\Roaming\nvm\v20.12.2\node_modules\firebase-tools\lib\responseToError.js:49:12)
    at RetryOperation._fn (C:\Users\ADMIN\AppData\Roaming\nvm\v20.12.2\node_modules\firebase-tools\lib\apiv2.js:312:77)
    at process.processTicksAndRejections (node:internal/process/task_queues:95:5)
[error] 
[error] Error: Failed to create project. See firebase-debug.log for more info.
